Analysis & Synthesis report for TripleBuffer_top
Sat Mar 16 15:31:55 2019
Quartus Prime Version 17.1.0 Build 590 10/25/2017 SJ Lite Edition


---------------------
; Table of Contents ;
---------------------
  1. Legal Notice
  2. Analysis & Synthesis Summary
  3. Analysis & Synthesis Settings
  4. Parallel Compilation
  5. Analysis & Synthesis Source Files Read
  6. Analysis & Synthesis Resource Usage Summary
  7. Analysis & Synthesis Resource Utilization by Entity
  8. Analysis & Synthesis RAM Summary
  9. State Machine - |TripleBuffer|tri_control:tc|vga_buff
 10. State Machine - |TripleBuffer|tri_control:tc|trans_state
 11. State Machine - |TripleBuffer|tri_control:tc|camera_buff
 12. State Machine - |TripleBuffer|tri_control:tc|cap_state
 13. State Machine - |TripleBuffer|sram_ctrl:sc_z|state_reg
 14. State Machine - |TripleBuffer|sram_ctrl:sc_y|state_reg
 15. State Machine - |TripleBuffer|sram_ctrl:sc_x|state_reg
 16. Registers Removed During Synthesis
 17. General Register Statistics
 18. Inverted Register Statistics
 19. Registers Packed Into Inferred Megafunctions
 20. Multiplexer Restructuring Statistics (Restructuring Performed)
 21. Source assignments for ov7670_controller:ovctrl|ov7670_registers:Inst_ov7670_registers|altsyncram:Mux0_rtl_0|altsyncram_qm01:auto_generated
 22. Parameter Settings for User Entity Instance: capture_buff:cb
 23. Parameter Settings for User Entity Instance: tr_buff:tb
 24. Parameter Settings for User Entity Instance: tri_mem_mux:mem_mux
 25. Parameter Settings for User Entity Instance: tri_data_mux:tdm
 26. Parameter Settings for User Entity Instance: tri_control:tc
 27. Parameter Settings for Inferred Entity Instance: ov7670_controller:ovctrl|ov7670_registers:Inst_ov7670_registers|altsyncram:Mux0_rtl_0
 28. altsyncram Parameter Settings by Entity Instance
 29. Port Connectivity Checks: "ov7670_controller:ovctrl|i2c_sender:Inst_i2c_sender"
 30. Port Connectivity Checks: "kHz_50:k50"
 31. Port Connectivity Checks: "tri_control:tc"
 32. Port Connectivity Checks: "capture_buff:cb"
 33. Post-Synthesis Netlist Statistics for Top Partition
 34. Elapsed Time Per Partition
 35. Analysis & Synthesis Messages
 36. Analysis & Synthesis Suppressed Messages



----------------
; Legal Notice ;
----------------
Copyright (C) 2017  Intel Corporation. All rights reserved.
Your use of Intel Corporation's design tools, logic functions 
and other software and tools, and its AMPP partner logic 
functions, and any output files from any of the foregoing 
(including device programming or simulation files), and any 
associated documentation or information are expressly subject 
to the terms and conditions of the Intel Program License 
Subscription Agreement, the Intel Quartus Prime License Agreement,
the Intel FPGA IP License Agreement, or other applicable license
agreement, including, without limitation, that your use is for
the sole purpose of programming logic devices manufactured by
Intel and sold by Intel or its authorized distributors.  Please
refer to the applicable agreement for further details.



+----------------------------------------------------------------------------------+
; Analysis & Synthesis Summary                                                     ;
+------------------------------------+---------------------------------------------+
; Analysis & Synthesis Status        ; Successful - Sat Mar 16 15:31:55 2019       ;
; Quartus Prime Version              ; 17.1.0 Build 590 10/25/2017 SJ Lite Edition ;
; Revision Name                      ; TripleBuffer_top                            ;
; Top-level Entity Name              ; TripleBuffer                                ;
; Family                             ; Cyclone IV E                                ;
; Total logic elements               ; 463                                         ;
;     Total combinational functions  ; 400                                         ;
;     Dedicated logic registers      ; 346                                         ;
; Total registers                    ; 346                                         ;
; Total pins                         ; 164                                         ;
; Total virtual pins                 ; 0                                           ;
; Total memory bits                  ; 4,096                                       ;
; Embedded Multiplier 9-bit elements ; 0                                           ;
; Total PLLs                         ; 0                                           ;
+------------------------------------+---------------------------------------------+


+----------------------------------------------------------------------------------------------------------------------+
; Analysis & Synthesis Settings                                                                                        ;
+----------------------------------------------------------------------------+--------------------+--------------------+
; Option                                                                     ; Setting            ; Default Value      ;
+----------------------------------------------------------------------------+--------------------+--------------------+
; Device                                                                     ; EP4CE115F29C7      ;                    ;
; Top-level entity name                                                      ; TripleBuffer       ; TripleBuffer_top   ;
; Family name                                                                ; Cyclone IV E       ; Cyclone V          ;
; Use smart compilation                                                      ; Off                ; Off                ;
; Enable parallel Assembler and TimeQuest Timing Analyzer during compilation ; On                 ; On                 ;
; Enable compact report table                                                ; Off                ; Off                ;
; Restructure Multiplexers                                                   ; Auto               ; Auto               ;
; Create Debugging Nodes for IP Cores                                        ; Off                ; Off                ;
; Preserve fewer node names                                                  ; On                 ; On                 ;
; Intel FPGA IP Evaluation Mode                                              ; Enable             ; Enable             ;
; Verilog Version                                                            ; Verilog_2001       ; Verilog_2001       ;
; VHDL Version                                                               ; VHDL_1993          ; VHDL_1993          ;
; State Machine Processing                                                   ; Auto               ; Auto               ;
; Safe State Machine                                                         ; Off                ; Off                ;
; Extract Verilog State Machines                                             ; On                 ; On                 ;
; Extract VHDL State Machines                                                ; On                 ; On                 ;
; Ignore Verilog initial constructs                                          ; Off                ; Off                ;
; Iteration limit for constant Verilog loops                                 ; 5000               ; 5000               ;
; Iteration limit for non-constant Verilog loops                             ; 250                ; 250                ;
; Add Pass-Through Logic to Inferred RAMs                                    ; On                 ; On                 ;
; Infer RAMs from Raw Logic                                                  ; On                 ; On                 ;
; Parallel Synthesis                                                         ; On                 ; On                 ;
; DSP Block Balancing                                                        ; Auto               ; Auto               ;
; NOT Gate Push-Back                                                         ; On                 ; On                 ;
; Power-Up Don't Care                                                        ; On                 ; On                 ;
; Remove Redundant Logic Cells                                               ; Off                ; Off                ;
; Remove Duplicate Registers                                                 ; On                 ; On                 ;
; Ignore CARRY Buffers                                                       ; Off                ; Off                ;
; Ignore CASCADE Buffers                                                     ; Off                ; Off                ;
; Ignore GLOBAL Buffers                                                      ; Off                ; Off                ;
; Ignore ROW GLOBAL Buffers                                                  ; Off                ; Off                ;
; Ignore LCELL Buffers                                                       ; Off                ; Off                ;
; Ignore SOFT Buffers                                                        ; On                 ; On                 ;
; Limit AHDL Integers to 32 Bits                                             ; Off                ; Off                ;
; Optimization Technique                                                     ; Balanced           ; Balanced           ;
; Carry Chain Length                                                         ; 70                 ; 70                 ;
; Auto Carry Chains                                                          ; On                 ; On                 ;
; Auto Open-Drain Pins                                                       ; On                 ; On                 ;
; Perform WYSIWYG Primitive Resynthesis                                      ; Off                ; Off                ;
; Auto ROM Replacement                                                       ; On                 ; On                 ;
; Auto RAM Replacement                                                       ; On                 ; On                 ;
; Auto DSP Block Replacement                                                 ; On                 ; On                 ;
; Auto Shift Register Replacement                                            ; Auto               ; Auto               ;
; Allow Shift Register Merging across Hierarchies                            ; Auto               ; Auto               ;
; Auto Clock Enable Replacement                                              ; On                 ; On                 ;
; Strict RAM Replacement                                                     ; Off                ; Off                ;
; Allow Synchronous Control Signals                                          ; On                 ; On                 ;
; Force Use of Synchronous Clear Signals                                     ; Off                ; Off                ;
; Auto RAM Block Balancing                                                   ; On                 ; On                 ;
; Auto RAM to Logic Cell Conversion                                          ; Off                ; Off                ;
; Auto Resource Sharing                                                      ; Off                ; Off                ;
; Allow Any RAM Size For Recognition                                         ; Off                ; Off                ;
; Allow Any ROM Size For Recognition                                         ; Off                ; Off                ;
; Allow Any Shift Register Size For Recognition                              ; Off                ; Off                ;
; Use LogicLock Constraints during Resource Balancing                        ; On                 ; On                 ;
; Ignore translate_off and synthesis_off directives                          ; Off                ; Off                ;
; Timing-Driven Synthesis                                                    ; On                 ; On                 ;
; Report Parameter Settings                                                  ; On                 ; On                 ;
; Report Source Assignments                                                  ; On                 ; On                 ;
; Report Connectivity Checks                                                 ; On                 ; On                 ;
; Ignore Maximum Fan-Out Assignments                                         ; Off                ; Off                ;
; Synchronization Register Chain Length                                      ; 2                  ; 2                  ;
; Power Optimization During Synthesis                                        ; Normal compilation ; Normal compilation ;
; HDL message level                                                          ; Level2             ; Level2             ;
; Suppress Register Optimization Related Messages                            ; Off                ; Off                ;
; Number of Removed Registers Reported in Synthesis Report                   ; 5000               ; 5000               ;
; Number of Swept Nodes Reported in Synthesis Report                         ; 5000               ; 5000               ;
; Number of Inverted Registers Reported in Synthesis Report                  ; 100                ; 100                ;
; Clock MUX Protection                                                       ; On                 ; On                 ;
; Auto Gated Clock Conversion                                                ; Off                ; Off                ;
; Block Design Naming                                                        ; Auto               ; Auto               ;
; SDC constraint protection                                                  ; Off                ; Off                ;
; Synthesis Effort                                                           ; Auto               ; Auto               ;
; Shift Register Replacement - Allow Asynchronous Clear Signal               ; On                 ; On                 ;
; Pre-Mapping Resynthesis Optimization                                       ; Off                ; Off                ;
; Analysis & Synthesis Message Level                                         ; Medium             ; Medium             ;
; Disable Register Merging Across Hierarchies                                ; Auto               ; Auto               ;
; Resource Aware Inference For Block RAM                                     ; On                 ; On                 ;
+----------------------------------------------------------------------------+--------------------+--------------------+


+------------------------------------------+
; Parallel Compilation                     ;
+----------------------------+-------------+
; Processors                 ; Number      ;
+----------------------------+-------------+
; Number detected on machine ; 8           ;
; Maximum allowed            ; 4           ;
;                            ;             ;
; Average used               ; 1.00        ;
; Maximum used               ; 4           ;
;                            ;             ;
; Usage by Processor         ; % Time Used ;
;     Processor 1            ; 100.0%      ;
;     Processor 2            ;   0.0%      ;
;     Processors 3-4         ;   0.0%      ;
+----------------------------+-------------+


+----------------------------------------------------------------------------------------------------------------------------------------------------------------------------------------------------------------------------------+
; Analysis & Synthesis Source Files Read                                                                                                                                                                                           ;
+----------------------------------+-----------------+------------------------------+------------------------------------------------------------------------------------------------------------------------------------+---------+
; File Name with User-Entered Path ; Used in Netlist ; File Type                    ; File Name with Absolute Path                                                                                                       ; Library ;
+----------------------------------+-----------------+------------------------------+------------------------------------------------------------------------------------------------------------------------------------+---------+
; i2c_sender.vhd                   ; yes             ; User VHDL File               ; C:/Users/James Williams/Google Drive/Northwestern/Research - Mikhelson/Projects/Triple-Buffer/Triple Buffer/i2c_sender.vhd         ;         ;
; ov7670_capture.vhd               ; yes             ; User VHDL File               ; C:/Users/James Williams/Google Drive/Northwestern/Research - Mikhelson/Projects/Triple-Buffer/Triple Buffer/ov7670_capture.vhd     ;         ;
; ov7670_registers.vhd             ; yes             ; User VHDL File               ; C:/Users/James Williams/Google Drive/Northwestern/Research - Mikhelson/Projects/Triple-Buffer/Triple Buffer/ov7670_registers.vhd   ;         ;
; ov7670_controller.vhd            ; yes             ; User VHDL File               ; C:/Users/James Williams/Google Drive/Northwestern/Research - Mikhelson/Projects/Triple-Buffer/Triple Buffer/ov7670_controller.vhd  ;         ;
; triple_controller.v              ; yes             ; User Verilog HDL File        ; C:/Users/James Williams/Google Drive/Northwestern/Research - Mikhelson/Projects/Triple-Buffer/Triple Buffer/triple_controller.v    ;         ;
; triple_muxes.v                   ; yes             ; User Verilog HDL File        ; C:/Users/James Williams/Google Drive/Northwestern/Research - Mikhelson/Projects/Triple-Buffer/Triple Buffer/triple_muxes.v         ;         ;
; sram_controller.v                ; yes             ; User Verilog HDL File        ; C:/Users/James Williams/Google Drive/Northwestern/Research - Mikhelson/Projects/Triple-Buffer/Triple Buffer/sram_controller.v      ;         ;
; capture_buffer.v                 ; yes             ; User Verilog HDL File        ; C:/Users/James Williams/Google Drive/Northwestern/Research - Mikhelson/Projects/Triple-Buffer/Triple Buffer/capture_buffer.v       ;         ;
; transmission_buffer.v            ; yes             ; User Verilog HDL File        ; C:/Users/James Williams/Google Drive/Northwestern/Research - Mikhelson/Projects/Triple-Buffer/Triple Buffer/transmission_buffer.v  ;         ;
; vga.vhd                          ; yes             ; User VHDL File               ; C:/Users/James Williams/Google Drive/Northwestern/Research - Mikhelson/Projects/Triple-Buffer/Triple Buffer/vga.vhd                ;         ;
; rgb.vhd                          ; yes             ; User VHDL File               ; C:/Users/James Williams/Google Drive/Northwestern/Research - Mikhelson/Projects/Triple-Buffer/Triple Buffer/rgb.vhd                ;         ;
; vga_addr_gen.vhd                 ; yes             ; User VHDL File               ; C:/Users/James Williams/Google Drive/Northwestern/Research - Mikhelson/Projects/Triple-Buffer/Triple Buffer/vga_addr_gen.vhd       ;         ;
; clock_dividers.v                 ; yes             ; User Verilog HDL File        ; C:/Users/James Williams/Google Drive/Northwestern/Research - Mikhelson/Projects/Triple-Buffer/Triple Buffer/clock_dividers.v       ;         ;
; TripleBuffer_top.v               ; yes             ; User Verilog HDL File        ; C:/Users/James Williams/Google Drive/Northwestern/Research - Mikhelson/Projects/Triple-Buffer/Triple Buffer/TripleBuffer_top.v     ;         ;
; altsyncram.tdf                   ; yes             ; Megafunction                 ; c:/intelfpga_lite/17.1/quartus/libraries/megafunctions/altsyncram.tdf                                                              ;         ;
; stratix_ram_block.inc            ; yes             ; Megafunction                 ; c:/intelfpga_lite/17.1/quartus/libraries/megafunctions/stratix_ram_block.inc                                                       ;         ;
; lpm_mux.inc                      ; yes             ; Megafunction                 ; c:/intelfpga_lite/17.1/quartus/libraries/megafunctions/lpm_mux.inc                                                                 ;         ;
; lpm_decode.inc                   ; yes             ; Megafunction                 ; c:/intelfpga_lite/17.1/quartus/libraries/megafunctions/lpm_decode.inc                                                              ;         ;
; aglobal171.inc                   ; yes             ; Megafunction                 ; c:/intelfpga_lite/17.1/quartus/libraries/megafunctions/aglobal171.inc                                                              ;         ;
; a_rdenreg.inc                    ; yes             ; Megafunction                 ; c:/intelfpga_lite/17.1/quartus/libraries/megafunctions/a_rdenreg.inc                                                               ;         ;
; altrom.inc                       ; yes             ; Megafunction                 ; c:/intelfpga_lite/17.1/quartus/libraries/megafunctions/altrom.inc                                                                  ;         ;
; altram.inc                       ; yes             ; Megafunction                 ; c:/intelfpga_lite/17.1/quartus/libraries/megafunctions/altram.inc                                                                  ;         ;
; altdpram.inc                     ; yes             ; Megafunction                 ; c:/intelfpga_lite/17.1/quartus/libraries/megafunctions/altdpram.inc                                                                ;         ;
; db/altsyncram_qm01.tdf           ; yes             ; Auto-Generated Megafunction  ; C:/Users/James Williams/Google Drive/Northwestern/Research - Mikhelson/Projects/Triple-Buffer/Triple Buffer/db/altsyncram_qm01.tdf ;         ;
+----------------------------------+-----------------+------------------------------+------------------------------------------------------------------------------------------------------------------------------------+---------+


+----------------------------------------------------------------+
; Analysis & Synthesis Resource Usage Summary                    ;
+---------------------------------------------+------------------+
; Resource                                    ; Usage            ;
+---------------------------------------------+------------------+
; Estimated Total logic elements              ; 463              ;
;                                             ;                  ;
; Total combinational functions               ; 400              ;
; Logic element usage by number of LUT inputs ;                  ;
;     -- 4 input functions                    ; 165              ;
;     -- 3 input functions                    ; 85               ;
;     -- <=2 input functions                  ; 150              ;
;                                             ;                  ;
; Logic elements by mode                      ;                  ;
;     -- normal mode                          ; 337              ;
;     -- arithmetic mode                      ; 63               ;
;                                             ;                  ;
; Total registers                             ; 346              ;
;     -- Dedicated logic registers            ; 346              ;
;     -- I/O registers                        ; 0                ;
;                                             ;                  ;
; I/O pins                                    ; 164              ;
; Total memory bits                           ; 4096             ;
;                                             ;                  ;
; Embedded Multiplier 9-bit elements          ; 0                ;
;                                             ;                  ;
; Maximum fan-out node                        ; clk_in_raw~input ;
; Maximum fan-out                             ; 178              ;
; Total fan-out                               ; 2866             ;
; Average fan-out                             ; 2.52             ;
+---------------------------------------------+------------------+


+---------------------------------------------------------------------------------------------------------------------------------------------------------------------------------------------------------------------------------------------------------------------------------------------------------------------------------------------------+
; Analysis & Synthesis Resource Utilization by Entity                                                                                                                                                                                                                                                                                               ;
+------------------------------------------------+---------------------+---------------------------+-------------+--------------+---------+-----------+------+--------------+------------------------------------------------------------------------------------------------------------------------------------+-------------------+--------------+
; Compilation Hierarchy Node                     ; Combinational ALUTs ; Dedicated Logic Registers ; Memory Bits ; DSP Elements ; DSP 9x9 ; DSP 18x18 ; Pins ; Virtual Pins ; Full Hierarchy Name                                                                                                                ; Entity Name       ; Library Name ;
+------------------------------------------------+---------------------+---------------------------+-------------+--------------+---------+-----------+------+--------------+------------------------------------------------------------------------------------------------------------------------------------+-------------------+--------------+
; |TripleBuffer                                  ; 400 (0)             ; 346 (0)                   ; 4096        ; 0            ; 0       ; 0         ; 164  ; 0            ; |TripleBuffer                                                                                                                      ; TripleBuffer      ; work         ;
;    |Address_Generator:ag|                      ; 20 (20)             ; 17 (17)                   ; 0           ; 0            ; 0       ; 0         ; 0    ; 0            ; |TripleBuffer|Address_Generator:ag                                                                                                 ; Address_Generator ; work         ;
;    |MHz_25:m25|                                ; 1 (1)               ; 1 (1)                     ; 0           ; 0            ; 0       ; 0         ; 0    ; 0            ; |TripleBuffer|MHz_25:m25                                                                                                           ; MHz_25            ; work         ;
;    |RGB:rgb|                                   ; 25 (25)             ; 0 (0)                     ; 0           ; 0            ; 0       ; 0         ; 0    ; 0            ; |TripleBuffer|RGB:rgb                                                                                                              ; RGB               ; work         ;
;    |VGA:vga|                                   ; 44 (44)             ; 22 (22)                   ; 0           ; 0            ; 0       ; 0         ; 0    ; 0            ; |TripleBuffer|VGA:vga                                                                                                              ; VGA               ; work         ;
;    |capture_buff:cb|                           ; 4 (4)               ; 2 (2)                     ; 0           ; 0            ; 0       ; 0         ; 0    ; 0            ; |TripleBuffer|capture_buff:cb                                                                                                      ; capture_buff      ; work         ;
;    |ov7670_capture:pixel_buf|                  ; 23 (23)             ; 49 (49)                   ; 0           ; 0            ; 0       ; 0         ; 0    ; 0            ; |TripleBuffer|ov7670_capture:pixel_buf                                                                                             ; ov7670_capture    ; work         ;
;    |ov7670_controller:ovctrl|                  ; 109 (1)             ; 80 (1)                    ; 4096        ; 0            ; 0       ; 0         ; 0    ; 0            ; |TripleBuffer|ov7670_controller:ovctrl                                                                                             ; ov7670_controller ; work         ;
;       |i2c_sender:Inst_i2c_sender|             ; 95 (95)             ; 71 (71)                   ; 0           ; 0            ; 0       ; 0         ; 0    ; 0            ; |TripleBuffer|ov7670_controller:ovctrl|i2c_sender:Inst_i2c_sender                                                                  ; i2c_sender        ; work         ;
;       |ov7670_registers:Inst_ov7670_registers| ; 13 (13)             ; 8 (8)                     ; 4096        ; 0            ; 0       ; 0         ; 0    ; 0            ; |TripleBuffer|ov7670_controller:ovctrl|ov7670_registers:Inst_ov7670_registers                                                      ; ov7670_registers  ; work         ;
;          |altsyncram:Mux0_rtl_0|               ; 0 (0)               ; 0 (0)                     ; 4096        ; 0            ; 0       ; 0         ; 0    ; 0            ; |TripleBuffer|ov7670_controller:ovctrl|ov7670_registers:Inst_ov7670_registers|altsyncram:Mux0_rtl_0                                ; altsyncram        ; work         ;
;             |altsyncram_qm01:auto_generated|   ; 0 (0)               ; 0 (0)                     ; 4096        ; 0            ; 0       ; 0         ; 0    ; 0            ; |TripleBuffer|ov7670_controller:ovctrl|ov7670_registers:Inst_ov7670_registers|altsyncram:Mux0_rtl_0|altsyncram_qm01:auto_generated ; altsyncram_qm01   ; work         ;
;    |sram_ctrl:sc_x|                            ; 7 (7)               ; 45 (45)                   ; 0           ; 0            ; 0       ; 0         ; 0    ; 0            ; |TripleBuffer|sram_ctrl:sc_x                                                                                                       ; sram_ctrl         ; work         ;
;    |sram_ctrl:sc_y|                            ; 7 (7)               ; 45 (45)                   ; 0           ; 0            ; 0       ; 0         ; 0    ; 0            ; |TripleBuffer|sram_ctrl:sc_y                                                                                                       ; sram_ctrl         ; work         ;
;    |sram_ctrl:sc_z|                            ; 7 (7)               ; 45 (45)                   ; 0           ; 0            ; 0       ; 0         ; 0    ; 0            ; |TripleBuffer|sram_ctrl:sc_z                                                                                                       ; sram_ctrl         ; work         ;
;    |tr_buff:tb|                                ; 32 (32)             ; 19 (19)                   ; 0           ; 0            ; 0       ; 0         ; 0    ; 0            ; |TripleBuffer|tr_buff:tb                                                                                                           ; tr_buff           ; work         ;
;    |tri_control:tc|                            ; 31 (31)             ; 21 (21)                   ; 0           ; 0            ; 0       ; 0         ; 0    ; 0            ; |TripleBuffer|tri_control:tc                                                                                                       ; tri_control       ; work         ;
;    |tri_data_mux:tdm|                          ; 2 (2)               ; 0 (0)                     ; 0           ; 0            ; 0       ; 0         ; 0    ; 0            ; |TripleBuffer|tri_data_mux:tdm                                                                                                     ; tri_data_mux      ; work         ;
;    |tri_mem_mux:mem_mux|                       ; 88 (88)             ; 0 (0)                     ; 0           ; 0            ; 0       ; 0         ; 0    ; 0            ; |TripleBuffer|tri_mem_mux:mem_mux                                                                                                  ; tri_mem_mux       ; work         ;
+------------------------------------------------+---------------------+---------------------------+-------------+--------------+---------+-----------+------+--------------+------------------------------------------------------------------------------------------------------------------------------------+-------------------+--------------+
Note: For table entries with two numbers listed, the numbers in parentheses indicate the number of resources of the given type used by the specific entity alone. The numbers listed outside of parentheses indicate the total resources of the given type used by the specific entity and all of its sub-entities in the hierarchy.


+-------------------------------------------------------------------------------------------------------------------------------------------------------------------------------------------------------------------------------------------------------+
; Analysis & Synthesis RAM Summary                                                                                                                                                                                                                      ;
+---------------------------------------------------------------------------------------------------------------------------------+------+------+--------------+--------------+--------------+--------------+------+------------------------------------+
; Name                                                                                                                            ; Type ; Mode ; Port A Depth ; Port A Width ; Port B Depth ; Port B Width ; Size ; MIF                                ;
+---------------------------------------------------------------------------------------------------------------------------------+------+------+--------------+--------------+--------------+--------------+------+------------------------------------+
; ov7670_controller:ovctrl|ov7670_registers:Inst_ov7670_registers|altsyncram:Mux0_rtl_0|altsyncram_qm01:auto_generated|ALTSYNCRAM ; AUTO ; ROM  ; 256          ; 16           ; --           ; --           ; 4096 ; TripleBuffer.TripleBuffer0.rtl.mif ;
+---------------------------------------------------------------------------------------------------------------------------------+------+------+--------------+--------------+--------------+--------------+------+------------------------------------+


Encoding Type:  One-Hot
+-------------------------------------------------------+
; State Machine - |TripleBuffer|tri_control:tc|vga_buff ;
+------------+------------+------------+----------------+
; Name       ; vga_buff.X ; vga_buff.Z ; vga_buff.Y     ;
+------------+------------+------------+----------------+
; vga_buff.X ; 0          ; 0          ; 0              ;
; vga_buff.Y ; 1          ; 0          ; 1              ;
; vga_buff.Z ; 1          ; 1          ; 0              ;
+------------+------------+------------+----------------+


Encoding Type:  One-Hot
+-------------------------------------------------------------------------------------------------------------------------+
; State Machine - |TripleBuffer|tri_control:tc|trans_state                                                                ;
+-------------------------------+------------------------------+-------------------------------+--------------------------+
; Name                          ; trans_state.state_first_wait ; trans_state.state_second_wait ; trans_state.state_switch ;
+-------------------------------+------------------------------+-------------------------------+--------------------------+
; trans_state.state_first_wait  ; 0                            ; 0                             ; 0                        ;
; trans_state.state_switch      ; 1                            ; 0                             ; 1                        ;
; trans_state.state_second_wait ; 1                            ; 1                             ; 0                        ;
+-------------------------------+------------------------------+-------------------------------+--------------------------+


Encoding Type:  One-Hot
+---------------------------------------------------------------+
; State Machine - |TripleBuffer|tri_control:tc|camera_buff      ;
+---------------+---------------+---------------+---------------+
; Name          ; camera_buff.X ; camera_buff.Z ; camera_buff.Y ;
+---------------+---------------+---------------+---------------+
; camera_buff.X ; 0             ; 0             ; 0             ;
; camera_buff.Y ; 1             ; 0             ; 1             ;
; camera_buff.Z ; 1             ; 1             ; 0             ;
+---------------+---------------+---------------+---------------+


Encoding Type:  One-Hot
+-----------------------------------------------------------------------------------------------------------------+
; State Machine - |TripleBuffer|tri_control:tc|cap_state                                                          ;
+-----------------------------+----------------------------+-----------------------------+------------------------+
; Name                        ; cap_state.state_first_wait ; cap_state.state_second_wait ; cap_state.state_switch ;
+-----------------------------+----------------------------+-----------------------------+------------------------+
; cap_state.state_first_wait  ; 0                          ; 0                           ; 0                      ;
; cap_state.state_switch      ; 1                          ; 0                           ; 1                      ;
; cap_state.state_second_wait ; 1                          ; 1                           ; 0                      ;
+-----------------------------+----------------------------+-----------------------------+------------------------+


Encoding Type:  One-Hot
+---------------------------------------------------------------------------------------------+
; State Machine - |TripleBuffer|sram_ctrl:sc_z|state_reg                                      ;
+-----------------------+----------------------+-----------------------+----------------------+
; Name                  ; state_reg.state_idle ; state_reg.state_write ; state_reg.state_read ;
+-----------------------+----------------------+-----------------------+----------------------+
; state_reg.state_idle  ; 0                    ; 0                     ; 0                    ;
; state_reg.state_read  ; 1                    ; 0                     ; 1                    ;
; state_reg.state_write ; 1                    ; 1                     ; 0                    ;
+-----------------------+----------------------+-----------------------+----------------------+


Encoding Type:  One-Hot
+---------------------------------------------------------------------------------------------+
; State Machine - |TripleBuffer|sram_ctrl:sc_y|state_reg                                      ;
+-----------------------+----------------------+-----------------------+----------------------+
; Name                  ; state_reg.state_idle ; state_reg.state_write ; state_reg.state_read ;
+-----------------------+----------------------+-----------------------+----------------------+
; state_reg.state_idle  ; 0                    ; 0                     ; 0                    ;
; state_reg.state_read  ; 1                    ; 0                     ; 1                    ;
; state_reg.state_write ; 1                    ; 1                     ; 0                    ;
+-----------------------+----------------------+-----------------------+----------------------+


Encoding Type:  One-Hot
+---------------------------------------------------------------------------------------------+
; State Machine - |TripleBuffer|sram_ctrl:sc_x|state_reg                                      ;
+-----------------------+----------------------+-----------------------+----------------------+
; Name                  ; state_reg.state_idle ; state_reg.state_write ; state_reg.state_read ;
+-----------------------+----------------------+-----------------------+----------------------+
; state_reg.state_idle  ; 0                    ; 0                     ; 0                    ;
; state_reg.state_read  ; 1                    ; 0                     ; 1                    ;
; state_reg.state_write ; 1                    ; 1                     ; 0                    ;
+-----------------------+----------------------+-----------------------+----------------------+


+---------------------------------------------------------------------------------------------------------------------------------------------+
; Registers Removed During Synthesis                                                                                                          ;
+----------------------------------------------------------------+----------------------------------------------------------------------------+
; Register name                                                  ; Reason for Removal                                                         ;
+----------------------------------------------------------------+----------------------------------------------------------------------------+
; sram_ctrl:sc_z|data_write_reg[12..15]                          ; Stuck at GND due to stuck port data_in                                     ;
; sram_ctrl:sc_y|data_write_reg[12..15]                          ; Stuck at GND due to stuck port data_in                                     ;
; sram_ctrl:sc_x|data_write_reg[12..15]                          ; Stuck at GND due to stuck port data_in                                     ;
; tri_control:tc|trans_count[0..5]                               ; Stuck at GND due to stuck port data_in                                     ;
; tri_control:tc|cap_count[0..5]                                 ; Stuck at GND due to stuck port data_in                                     ;
; ov7670_controller:ovctrl|i2c_sender:Inst_i2c_sender|data_sr[0] ; Stuck at VCC due to stuck port data_in                                     ;
; ov7670_controller:ovctrl|i2c_sender:Inst_i2c_sender|data_sr[1] ; Merged with ov7670_controller:ovctrl|i2c_sender:Inst_i2c_sender|busy_sr[0] ;
; sram_ctrl:sc_z|state_reg.state_write                           ; Lost fanout                                                                ;
; sram_ctrl:sc_y|state_reg.state_write                           ; Lost fanout                                                                ;
; sram_ctrl:sc_x|state_reg.state_write                           ; Lost fanout                                                                ;
; sram_ctrl:sc_z|state_reg~6                                     ; Lost fanout                                                                ;
; sram_ctrl:sc_y|state_reg~6                                     ; Lost fanout                                                                ;
; sram_ctrl:sc_x|state_reg~6                                     ; Lost fanout                                                                ;
; VGA:vga|Hcnt[0]                                                ; Merged with ov7670_controller:ovctrl|sys_clk                               ;
; ov7670_controller:ovctrl|i2c_sender:Inst_i2c_sender|data_sr[2] ; Merged with ov7670_controller:ovctrl|i2c_sender:Inst_i2c_sender|busy_sr[1] ;
; Total Number of Removed Registers = 34                         ;                                                                            ;
+----------------------------------------------------------------+----------------------------------------------------------------------------+


+------------------------------------------------------+
; General Register Statistics                          ;
+----------------------------------------------+-------+
; Statistic                                    ; Value ;
+----------------------------------------------+-------+
; Total registers                              ; 346   ;
; Number of registers using Synchronous Clear  ; 46    ;
; Number of registers using Synchronous Load   ; 1     ;
; Number of registers using Asynchronous Clear ; 157   ;
; Number of registers using Asynchronous Load  ; 0     ;
; Number of registers using Clock Enable       ; 253   ;
; Number of registers using Preset             ; 0     ;
+----------------------------------------------+-------+


+---------------------------------------------------------------------------+
; Inverted Register Statistics                                              ;
+-----------------------------------------------------------------+---------+
; Inverted Register                                               ; Fan out ;
+-----------------------------------------------------------------+---------+
; sram_ctrl:sc_x|we_reg                                           ; 1       ;
; sram_ctrl:sc_x|oe_reg                                           ; 1       ;
; sram_ctrl:sc_y|we_reg                                           ; 1       ;
; sram_ctrl:sc_y|oe_reg                                           ; 1       ;
; sram_ctrl:sc_z|we_reg                                           ; 1       ;
; sram_ctrl:sc_z|oe_reg                                           ; 1       ;
; VGA:vga|Vcnt[9]                                                 ; 5       ;
; tr_buff:tb|start                                                ; 7       ;
; capture_buff:cb|start                                           ; 11      ;
; ov7670_controller:ovctrl|i2c_sender:Inst_i2c_sender|data_sr[31] ; 1       ;
; VGA:vga|Vcnt[3]                                                 ; 4       ;
; tr_buff:tb|addr_in_old[0]                                       ; 1       ;
; tr_buff:tb|addr_in_old[1]                                       ; 1       ;
; tr_buff:tb|addr_in_old[2]                                       ; 1       ;
; tr_buff:tb|addr_in_old[3]                                       ; 1       ;
; tr_buff:tb|addr_in_old[4]                                       ; 1       ;
; tr_buff:tb|addr_in_old[5]                                       ; 1       ;
; tr_buff:tb|addr_in_old[6]                                       ; 1       ;
; tr_buff:tb|addr_in_old[7]                                       ; 1       ;
; tr_buff:tb|addr_in_old[16]                                      ; 1       ;
; tr_buff:tb|addr_in_old[8]                                       ; 1       ;
; tr_buff:tb|addr_in_old[9]                                       ; 1       ;
; tr_buff:tb|addr_in_old[10]                                      ; 1       ;
; tr_buff:tb|addr_in_old[11]                                      ; 1       ;
; tr_buff:tb|addr_in_old[12]                                      ; 1       ;
; tr_buff:tb|addr_in_old[13]                                      ; 1       ;
; tr_buff:tb|addr_in_old[14]                                      ; 1       ;
; tr_buff:tb|addr_in_old[15]                                      ; 1       ;
; ov7670_controller:ovctrl|i2c_sender:Inst_i2c_sender|divider[0]  ; 4       ;
; ov7670_controller:ovctrl|i2c_sender:Inst_i2c_sender|data_sr[30] ; 1       ;
; sram_ctrl:sc_x|tri_reg                                          ; 16      ;
; sram_ctrl:sc_y|tri_reg                                          ; 16      ;
; sram_ctrl:sc_z|tri_reg                                          ; 16      ;
; ov7670_controller:ovctrl|i2c_sender:Inst_i2c_sender|data_sr[29] ; 1       ;
; ov7670_controller:ovctrl|i2c_sender:Inst_i2c_sender|data_sr[28] ; 1       ;
; ov7670_controller:ovctrl|i2c_sender:Inst_i2c_sender|data_sr[27] ; 1       ;
; ov7670_controller:ovctrl|i2c_sender:Inst_i2c_sender|data_sr[26] ; 1       ;
; ov7670_controller:ovctrl|i2c_sender:Inst_i2c_sender|data_sr[25] ; 1       ;
; ov7670_controller:ovctrl|i2c_sender:Inst_i2c_sender|data_sr[24] ; 1       ;
; ov7670_controller:ovctrl|i2c_sender:Inst_i2c_sender|data_sr[23] ; 1       ;
; ov7670_controller:ovctrl|i2c_sender:Inst_i2c_sender|data_sr[22] ; 1       ;
; ov7670_controller:ovctrl|i2c_sender:Inst_i2c_sender|data_sr[21] ; 1       ;
; ov7670_controller:ovctrl|i2c_sender:Inst_i2c_sender|data_sr[20] ; 1       ;
; ov7670_controller:ovctrl|i2c_sender:Inst_i2c_sender|data_sr[19] ; 1       ;
; ov7670_controller:ovctrl|i2c_sender:Inst_i2c_sender|data_sr[18] ; 1       ;
; ov7670_controller:ovctrl|i2c_sender:Inst_i2c_sender|data_sr[17] ; 1       ;
; ov7670_controller:ovctrl|i2c_sender:Inst_i2c_sender|data_sr[16] ; 1       ;
; ov7670_controller:ovctrl|i2c_sender:Inst_i2c_sender|data_sr[15] ; 1       ;
; ov7670_controller:ovctrl|i2c_sender:Inst_i2c_sender|data_sr[14] ; 1       ;
; ov7670_controller:ovctrl|i2c_sender:Inst_i2c_sender|data_sr[13] ; 1       ;
; ov7670_controller:ovctrl|i2c_sender:Inst_i2c_sender|data_sr[12] ; 1       ;
; ov7670_controller:ovctrl|i2c_sender:Inst_i2c_sender|data_sr[11] ; 1       ;
; ov7670_controller:ovctrl|i2c_sender:Inst_i2c_sender|data_sr[10] ; 1       ;
; ov7670_controller:ovctrl|i2c_sender:Inst_i2c_sender|data_sr[9]  ; 1       ;
; ov7670_controller:ovctrl|i2c_sender:Inst_i2c_sender|data_sr[8]  ; 1       ;
; ov7670_controller:ovctrl|i2c_sender:Inst_i2c_sender|data_sr[7]  ; 1       ;
; ov7670_controller:ovctrl|i2c_sender:Inst_i2c_sender|data_sr[6]  ; 1       ;
; ov7670_controller:ovctrl|i2c_sender:Inst_i2c_sender|data_sr[5]  ; 1       ;
; ov7670_controller:ovctrl|i2c_sender:Inst_i2c_sender|data_sr[4]  ; 1       ;
; ov7670_controller:ovctrl|i2c_sender:Inst_i2c_sender|data_sr[3]  ; 1       ;
; Total number of inverted registers = 60                         ;         ;
+-----------------------------------------------------------------+---------+


+-----------------------------------------------------------------------------------------------------------------------------------------------------------------+
; Registers Packed Into Inferred Megafunctions                                                                                                                    ;
+-----------------------------------------------------------------------------+----------------------------------------------------------------------------+------+
; Register Name                                                               ; Megafunction                                                               ; Type ;
+-----------------------------------------------------------------------------+----------------------------------------------------------------------------+------+
; ov7670_controller:ovctrl|ov7670_registers:Inst_ov7670_registers|sreg[0..15] ; ov7670_controller:ovctrl|ov7670_registers:Inst_ov7670_registers|Mux0_rtl_0 ; ROM  ;
+-----------------------------------------------------------------------------+----------------------------------------------------------------------------+------+


+---------------------------------------------------------------------------------------------------------------------------------------------------------------------------------------------+
; Multiplexer Restructuring Statistics (Restructuring Performed)                                                                                                                              ;
+--------------------+-----------+---------------+----------------------+------------------------+------------+-------------------------------------------------------------------------------+
; Multiplexer Inputs ; Bus Width ; Baseline Area ; Area if Restructured ; Saving if Restructured ; Registered ; Example Multiplexer Output                                                    ;
+--------------------+-----------+---------------+----------------------+------------------------+------------+-------------------------------------------------------------------------------+
; 3:1                ; 7 bits    ; 14 LEs        ; 7 LEs                ; 7 LEs                  ; Yes        ; |TripleBuffer|ov7670_controller:ovctrl|i2c_sender:Inst_i2c_sender|divider[7]  ;
; 3:1                ; 31 bits   ; 62 LEs        ; 31 LEs               ; 31 LEs                 ; Yes        ; |TripleBuffer|ov7670_controller:ovctrl|i2c_sender:Inst_i2c_sender|busy_sr[15] ;
; 3:1                ; 17 bits   ; 34 LEs        ; 17 LEs               ; 17 LEs                 ; Yes        ; |TripleBuffer|Address_Generator:ag|val[11]                                    ;
; 3:1                ; 3 bits    ; 6 LEs         ; 3 LEs                ; 3 LEs                  ; Yes        ; |TripleBuffer|ov7670_capture:pixel_buf|href_last[0]                           ;
; 3:1                ; 16 bits   ; 32 LEs        ; 32 LEs               ; 0 LEs                  ; Yes        ; |TripleBuffer|sram_ctrl:sc_y|addr_reg[4]                                      ;
; 3:1                ; 16 bits   ; 32 LEs        ; 32 LEs               ; 0 LEs                  ; Yes        ; |TripleBuffer|sram_ctrl:sc_x|addr_reg[10]                                     ;
; 3:1                ; 16 bits   ; 32 LEs        ; 32 LEs               ; 0 LEs                  ; Yes        ; |TripleBuffer|sram_ctrl:sc_z|addr_reg[5]                                      ;
; 4:1                ; 2 bits    ; 4 LEs         ; 4 LEs                ; 0 LEs                  ; Yes        ; |TripleBuffer|tri_control:tc|sram_select[1]                                   ;
; 5:1                ; 2 bits    ; 6 LEs         ; 2 LEs                ; 4 LEs                  ; Yes        ; |TripleBuffer|tri_control:tc|y_cnt[1]                                         ;
; 5:1                ; 2 bits    ; 6 LEs         ; 2 LEs                ; 4 LEs                  ; Yes        ; |TripleBuffer|tri_control:tc|x_cnt[0]                                         ;
; 5:1                ; 2 bits    ; 6 LEs         ; 2 LEs                ; 4 LEs                  ; Yes        ; |TripleBuffer|tri_control:tc|z_cnt[1]                                         ;
; 3:1                ; 14 bits   ; 28 LEs        ; 28 LEs               ; 0 LEs                  ; Yes        ; |TripleBuffer|ov7670_controller:ovctrl|i2c_sender:Inst_i2c_sender|data_sr[29] ;
; 3:1                ; 16 bits   ; 32 LEs        ; 16 LEs               ; 16 LEs                 ; Yes        ; |TripleBuffer|ov7670_controller:ovctrl|i2c_sender:Inst_i2c_sender|data_sr[12] ;
; 3:1                ; 2 bits    ; 4 LEs         ; 2 LEs                ; 2 LEs                  ; No         ; |TripleBuffer|sram_ctrl:sc_z|state_next.state_write                           ;
; 3:1                ; 2 bits    ; 4 LEs         ; 2 LEs                ; 2 LEs                  ; No         ; |TripleBuffer|sram_ctrl:sc_y|state_next.state_read                            ;
; 3:1                ; 2 bits    ; 4 LEs         ; 2 LEs                ; 2 LEs                  ; No         ; |TripleBuffer|sram_ctrl:sc_x|state_next.state_write                           ;
; 5:1                ; 12 bits   ; 36 LEs        ; 24 LEs               ; 12 LEs                 ; No         ; |TripleBuffer|RGB:rgb|G[1]                                                    ;
; 10:1               ; 3 bits    ; 18 LEs        ; 12 LEs               ; 6 LEs                  ; No         ; |TripleBuffer|tri_control:tc|vga_buff                                         ;
+--------------------+-----------+---------------+----------------------+------------------------+------------+-------------------------------------------------------------------------------+


+---------------------------------------------------------------------------------------------------------------------------------------------+
; Source assignments for ov7670_controller:ovctrl|ov7670_registers:Inst_ov7670_registers|altsyncram:Mux0_rtl_0|altsyncram_qm01:auto_generated ;
+---------------------------------+--------------------+------+-------------------------------------------------------------------------------+
; Assignment                      ; Value              ; From ; To                                                                            ;
+---------------------------------+--------------------+------+-------------------------------------------------------------------------------+
; OPTIMIZE_POWER_DURING_SYNTHESIS ; NORMAL_COMPILATION ; -    ; -                                                                             ;
+---------------------------------+--------------------+------+-------------------------------------------------------------------------------+


+--------------------------------------------------------------+
; Parameter Settings for User Entity Instance: capture_buff:cb ;
+----------------+-------+-------------------------------------+
; Parameter Name ; Value ; Type                                ;
+----------------+-------+-------------------------------------+
; addr_bus_size  ; 16    ; Signed Integer                      ;
; data_bus_size  ; 16    ; Signed Integer                      ;
+----------------+-------+-------------------------------------+
Note: In order to hide this table in the UI and the text report file, please set the "Show Parameter Settings in Synthesis Report" option in "Analysis and Synthesis Settings -> More Settings" to "Off".


+---------------------------------------------------------+
; Parameter Settings for User Entity Instance: tr_buff:tb ;
+----------------+-------+--------------------------------+
; Parameter Name ; Value ; Type                           ;
+----------------+-------+--------------------------------+
; addr_bus_size  ; 16    ; Signed Integer                 ;
; data_bus_size  ; 16    ; Signed Integer                 ;
+----------------+-------+--------------------------------+
Note: In order to hide this table in the UI and the text report file, please set the "Show Parameter Settings in Synthesis Report" option in "Analysis and Synthesis Settings -> More Settings" to "Off".


+------------------------------------------------------------------+
; Parameter Settings for User Entity Instance: tri_mem_mux:mem_mux ;
+----------------+-------+-----------------------------------------+
; Parameter Name ; Value ; Type                                    ;
+----------------+-------+-----------------------------------------+
; addr_bus_size  ; 16    ; Signed Integer                          ;
; data_bus_size  ; 16    ; Signed Integer                          ;
+----------------+-------+-----------------------------------------+
Note: In order to hide this table in the UI and the text report file, please set the "Show Parameter Settings in Synthesis Report" option in "Analysis and Synthesis Settings -> More Settings" to "Off".


+---------------------------------------------------------------+
; Parameter Settings for User Entity Instance: tri_data_mux:tdm ;
+----------------+-------+--------------------------------------+
; Parameter Name ; Value ; Type                                 ;
+----------------+-------+--------------------------------------+
; addr_bus_size  ; 16    ; Signed Integer                       ;
; data_bus_size  ; 16    ; Signed Integer                       ;
+----------------+-------+--------------------------------------+
Note: In order to hide this table in the UI and the text report file, please set the "Show Parameter Settings in Synthesis Report" option in "Analysis and Synthesis Settings -> More Settings" to "Off".


+-------------------------------------------------------------+
; Parameter Settings for User Entity Instance: tri_control:tc ;
+----------------+-------+------------------------------------+
; Parameter Name ; Value ; Type                               ;
+----------------+-------+------------------------------------+
; wait_cycles    ; 0     ; Signed Integer                     ;
; TRANS_ACTIVE   ; 0     ; Signed Integer                     ;
; CAP_ACTIVE     ; 1     ; Signed Integer                     ;
+----------------+-------+------------------------------------+
Note: In order to hide this table in the UI and the text report file, please set the "Show Parameter Settings in Synthesis Report" option in "Analysis and Synthesis Settings -> More Settings" to "Off".


+----------------------------------------------------------------------------------------------------------------------------------------+
; Parameter Settings for Inferred Entity Instance: ov7670_controller:ovctrl|ov7670_registers:Inst_ov7670_registers|altsyncram:Mux0_rtl_0 ;
+------------------------------------+------------------------------------+--------------------------------------------------------------+
; Parameter Name                     ; Value                              ; Type                                                         ;
+------------------------------------+------------------------------------+--------------------------------------------------------------+
; BYTE_SIZE_BLOCK                    ; 8                                  ; Untyped                                                      ;
; AUTO_CARRY_CHAINS                  ; ON                                 ; AUTO_CARRY                                                   ;
; IGNORE_CARRY_BUFFERS               ; OFF                                ; IGNORE_CARRY                                                 ;
; AUTO_CASCADE_CHAINS                ; ON                                 ; AUTO_CASCADE                                                 ;
; IGNORE_CASCADE_BUFFERS             ; OFF                                ; IGNORE_CASCADE                                               ;
; WIDTH_BYTEENA                      ; 1                                  ; Untyped                                                      ;
; OPERATION_MODE                     ; ROM                                ; Untyped                                                      ;
; WIDTH_A                            ; 16                                 ; Untyped                                                      ;
; WIDTHAD_A                          ; 8                                  ; Untyped                                                      ;
; NUMWORDS_A                         ; 256                                ; Untyped                                                      ;
; OUTDATA_REG_A                      ; UNREGISTERED                       ; Untyped                                                      ;
; ADDRESS_ACLR_A                     ; NONE                               ; Untyped                                                      ;
; OUTDATA_ACLR_A                     ; NONE                               ; Untyped                                                      ;
; WRCONTROL_ACLR_A                   ; NONE                               ; Untyped                                                      ;
; INDATA_ACLR_A                      ; NONE                               ; Untyped                                                      ;
; BYTEENA_ACLR_A                     ; NONE                               ; Untyped                                                      ;
; WIDTH_B                            ; 1                                  ; Untyped                                                      ;
; WIDTHAD_B                          ; 1                                  ; Untyped                                                      ;
; NUMWORDS_B                         ; 1                                  ; Untyped                                                      ;
; INDATA_REG_B                       ; CLOCK1                             ; Untyped                                                      ;
; WRCONTROL_WRADDRESS_REG_B          ; CLOCK1                             ; Untyped                                                      ;
; RDCONTROL_REG_B                    ; CLOCK1                             ; Untyped                                                      ;
; ADDRESS_REG_B                      ; CLOCK1                             ; Untyped                                                      ;
; OUTDATA_REG_B                      ; UNREGISTERED                       ; Untyped                                                      ;
; BYTEENA_REG_B                      ; CLOCK1                             ; Untyped                                                      ;
; INDATA_ACLR_B                      ; NONE                               ; Untyped                                                      ;
; WRCONTROL_ACLR_B                   ; NONE                               ; Untyped                                                      ;
; ADDRESS_ACLR_B                     ; NONE                               ; Untyped                                                      ;
; OUTDATA_ACLR_B                     ; NONE                               ; Untyped                                                      ;
; RDCONTROL_ACLR_B                   ; NONE                               ; Untyped                                                      ;
; BYTEENA_ACLR_B                     ; NONE                               ; Untyped                                                      ;
; WIDTH_BYTEENA_A                    ; 1                                  ; Untyped                                                      ;
; WIDTH_BYTEENA_B                    ; 1                                  ; Untyped                                                      ;
; RAM_BLOCK_TYPE                     ; AUTO                               ; Untyped                                                      ;
; BYTE_SIZE                          ; 8                                  ; Untyped                                                      ;
; READ_DURING_WRITE_MODE_MIXED_PORTS ; DONT_CARE                          ; Untyped                                                      ;
; READ_DURING_WRITE_MODE_PORT_A      ; NEW_DATA_NO_NBE_READ               ; Untyped                                                      ;
; READ_DURING_WRITE_MODE_PORT_B      ; NEW_DATA_NO_NBE_READ               ; Untyped                                                      ;
; INIT_FILE                          ; TripleBuffer.TripleBuffer0.rtl.mif ; Untyped                                                      ;
; INIT_FILE_LAYOUT                   ; PORT_A                             ; Untyped                                                      ;
; MAXIMUM_DEPTH                      ; 0                                  ; Untyped                                                      ;
; CLOCK_ENABLE_INPUT_A               ; NORMAL                             ; Untyped                                                      ;
; CLOCK_ENABLE_INPUT_B               ; NORMAL                             ; Untyped                                                      ;
; CLOCK_ENABLE_OUTPUT_A              ; NORMAL                             ; Untyped                                                      ;
; CLOCK_ENABLE_OUTPUT_B              ; NORMAL                             ; Untyped                                                      ;
; CLOCK_ENABLE_CORE_A                ; USE_INPUT_CLKEN                    ; Untyped                                                      ;
; CLOCK_ENABLE_CORE_B                ; USE_INPUT_CLKEN                    ; Untyped                                                      ;
; ENABLE_ECC                         ; FALSE                              ; Untyped                                                      ;
; ECC_PIPELINE_STAGE_ENABLED         ; FALSE                              ; Untyped                                                      ;
; WIDTH_ECCSTATUS                    ; 3                                  ; Untyped                                                      ;
; DEVICE_FAMILY                      ; Cyclone IV E                       ; Untyped                                                      ;
; CBXI_PARAMETER                     ; altsyncram_qm01                    ; Untyped                                                      ;
+------------------------------------+------------------------------------+--------------------------------------------------------------+
Note: In order to hide this table in the UI and the text report file, please set the "Show Parameter Settings in Synthesis Report" option in "Analysis and Synthesis Settings -> More Settings" to "Off".


+-----------------------------------------------------------------------------------------------------------------------------------+
; altsyncram Parameter Settings by Entity Instance                                                                                  ;
+-------------------------------------------+---------------------------------------------------------------------------------------+
; Name                                      ; Value                                                                                 ;
+-------------------------------------------+---------------------------------------------------------------------------------------+
; Number of entity instances                ; 1                                                                                     ;
; Entity Instance                           ; ov7670_controller:ovctrl|ov7670_registers:Inst_ov7670_registers|altsyncram:Mux0_rtl_0 ;
;     -- OPERATION_MODE                     ; ROM                                                                                   ;
;     -- WIDTH_A                            ; 16                                                                                    ;
;     -- NUMWORDS_A                         ; 256                                                                                   ;
;     -- OUTDATA_REG_A                      ; UNREGISTERED                                                                          ;
;     -- WIDTH_B                            ; 1                                                                                     ;
;     -- NUMWORDS_B                         ; 1                                                                                     ;
;     -- ADDRESS_REG_B                      ; CLOCK1                                                                                ;
;     -- OUTDATA_REG_B                      ; UNREGISTERED                                                                          ;
;     -- RAM_BLOCK_TYPE                     ; AUTO                                                                                  ;
;     -- READ_DURING_WRITE_MODE_MIXED_PORTS ; DONT_CARE                                                                             ;
+-------------------------------------------+---------------------------------------------------------------------------------------+


+---------------------------------------------------------------------------------+
; Port Connectivity Checks: "ov7670_controller:ovctrl|i2c_sender:Inst_i2c_sender" ;
+----------+-------+----------+---------------------------------------------------+
; Port     ; Type  ; Severity ; Details                                           ;
+----------+-------+----------+---------------------------------------------------+
; id[5..2] ; Input ; Info     ; Stuck at GND                                      ;
; id[7]    ; Input ; Info     ; Stuck at GND                                      ;
; id[6]    ; Input ; Info     ; Stuck at VCC                                      ;
; id[1]    ; Input ; Info     ; Stuck at VCC                                      ;
; id[0]    ; Input ; Info     ; Stuck at GND                                      ;
+----------+-------+----------+---------------------------------------------------+


+-------------------------------------------------------------------------------------------------------------------+
; Port Connectivity Checks: "kHz_50:k50"                                                                            ;
+---------+--------+----------+-------------------------------------------------------------------------------------+
; Port    ; Type   ; Severity ; Details                                                                             ;
+---------+--------+----------+-------------------------------------------------------------------------------------+
; clk_out ; Output ; Info     ; Connected to dangling logic. Logic that only feeds a dangling port will be removed. ;
+---------+--------+----------+-------------------------------------------------------------------------------------+


+--------------------------------------------------------------------------------------------------------------------------------------+
; Port Connectivity Checks: "tri_control:tc"                                                                                           ;
+-------+--------+----------+----------------------------------------------------------------------------------------------------------+
; Port  ; Type   ; Severity ; Details                                                                                                  ;
+-------+--------+----------+----------------------------------------------------------------------------------------------------------+
; error ; Output ; Warning  ; Declared by entity but not connected by instance. Logic that only feeds a dangling port will be removed. ;
+-------+--------+----------+----------------------------------------------------------------------------------------------------------+


+-----------------------------------------------------------------------------------------------------------------------------------------+
; Port Connectivity Checks: "capture_buff:cb"                                                                                             ;
+----------+--------+----------+----------------------------------------------------------------------------------------------------------+
; Port     ; Type   ; Severity ; Details                                                                                                  ;
+----------+--------+----------+----------------------------------------------------------------------------------------------------------+
; overflow ; Output ; Warning  ; Declared by entity but not connected by instance. Logic that only feeds a dangling port will be removed. ;
+----------+--------+----------+----------------------------------------------------------------------------------------------------------+


+-----------------------------------------------------+
; Post-Synthesis Netlist Statistics for Top Partition ;
+-----------------------+-----------------------------+
; Type                  ; Count                       ;
+-----------------------+-----------------------------+
; boundary_port         ; 164                         ;
; cycloneiii_ff         ; 346                         ;
;     CLR               ; 20                          ;
;     ENA               ; 99                          ;
;     ENA CLR           ; 137                         ;
;     ENA SCLR          ; 17                          ;
;     SCLR              ; 29                          ;
;     SLD               ; 1                           ;
;     plain             ; 43                          ;
; cycloneiii_io_obuf    ; 49                          ;
; cycloneiii_lcell_comb ; 408                         ;
;     arith             ; 63                          ;
;         2 data inputs ; 60                          ;
;         3 data inputs ; 3                           ;
;     normal            ; 345                         ;
;         0 data inputs ; 2                           ;
;         1 data inputs ; 31                          ;
;         2 data inputs ; 65                          ;
;         3 data inputs ; 82                          ;
;         4 data inputs ; 165                         ;
; cycloneiii_ram_block  ; 16                          ;
;                       ;                             ;
; Max LUT depth         ; 4.00                        ;
; Average LUT depth     ; 1.67                        ;
+-----------------------+-----------------------------+


+-------------------------------+
; Elapsed Time Per Partition    ;
+----------------+--------------+
; Partition Name ; Elapsed Time ;
+----------------+--------------+
; Top            ; 00:00:01     ;
+----------------+--------------+


+-------------------------------+
; Analysis & Synthesis Messages ;
+-------------------------------+
Info: *******************************************************************
Info: Running Quartus Prime Analysis & Synthesis
    Info: Version 17.1.0 Build 590 10/25/2017 SJ Lite Edition
    Info: Processing started: Sat Mar 16 15:31:40 2019
Info: Command: quartus_map --read_settings_files=on --write_settings_files=off TripleBuffer -c TripleBuffer_top
Warning (18236): Number of processors has not been specified which may cause overloading on shared machines.  Set the global assignment NUM_PARALLEL_PROCESSORS in your QSF to an appropriate value for best performance.
Info (20030): Parallel compilation is enabled and will use 4 of the 4 processors detected
Info (12021): Found 1 design units, including 1 entities, in source file dummy_memory.v
    Info (12023): Found entity 1: d_mem File: C:/Users/James Williams/Google Drive/Northwestern/Research - Mikhelson/Projects/Triple-Buffer/Triple Buffer/dummy_memory.v Line: 18
Info (12021): Found 2 design units, including 1 entities, in source file i2c_sender.vhd
    Info (12022): Found design unit 1: i2c_sender-Behavioral File: C:/Users/James Williams/Google Drive/Northwestern/Research - Mikhelson/Projects/Triple-Buffer/Triple Buffer/i2c_sender.vhd Line: 22
    Info (12023): Found entity 1: i2c_sender File: C:/Users/James Williams/Google Drive/Northwestern/Research - Mikhelson/Projects/Triple-Buffer/Triple Buffer/i2c_sender.vhd Line: 10
Info (12021): Found 2 design units, including 1 entities, in source file ov7670_capture.vhd
    Info (12022): Found design unit 1: ov7670_capture-Behavioral File: C:/Users/James Williams/Google Drive/Northwestern/Research - Mikhelson/Projects/Triple-Buffer/Triple Buffer/ov7670_capture.vhd Line: 25
    Info (12023): Found entity 1: ov7670_capture File: C:/Users/James Williams/Google Drive/Northwestern/Research - Mikhelson/Projects/Triple-Buffer/Triple Buffer/ov7670_capture.vhd Line: 14
Info (12021): Found 2 design units, including 1 entities, in source file ov7670_registers.vhd
    Info (12022): Found design unit 1: ov7670_registers-Behavioral File: C:/Users/James Williams/Google Drive/Northwestern/Research - Mikhelson/Projects/Triple-Buffer/Triple Buffer/ov7670_registers.vhd Line: 33
    Info (12023): Found entity 1: ov7670_registers File: C:/Users/James Williams/Google Drive/Northwestern/Research - Mikhelson/Projects/Triple-Buffer/Triple Buffer/ov7670_registers.vhd Line: 25
Info (12021): Found 2 design units, including 1 entities, in source file ov7670_controller.vhd
    Info (12022): Found design unit 1: ov7670_controller-Behavioral File: C:/Users/James Williams/Google Drive/Northwestern/Research - Mikhelson/Projects/Triple-Buffer/Triple Buffer/ov7670_controller.vhd Line: 24
    Info (12023): Found entity 1: ov7670_controller File: C:/Users/James Williams/Google Drive/Northwestern/Research - Mikhelson/Projects/Triple-Buffer/Triple Buffer/ov7670_controller.vhd Line: 11
Info (12021): Found 1 design units, including 1 entities, in source file triplebuffer_top.bdf
    Info (12023): Found entity 1: TripleBuffer_top
Info (12021): Found 1 design units, including 1 entities, in source file triple_controller.v
    Info (12023): Found entity 1: tri_control File: C:/Users/James Williams/Google Drive/Northwestern/Research - Mikhelson/Projects/Triple-Buffer/Triple Buffer/triple_controller.v Line: 19
Info (12021): Found 3 design units, including 3 entities, in source file triple_muxes.v
    Info (12023): Found entity 1: tri_mem_mux File: C:/Users/James Williams/Google Drive/Northwestern/Research - Mikhelson/Projects/Triple-Buffer/Triple Buffer/triple_muxes.v Line: 28
    Info (12023): Found entity 2: tri_data_mux File: C:/Users/James Williams/Google Drive/Northwestern/Research - Mikhelson/Projects/Triple-Buffer/Triple Buffer/triple_muxes.v Line: 103
    Info (12023): Found entity 3: tri_ready_mux File: C:/Users/James Williams/Google Drive/Northwestern/Research - Mikhelson/Projects/Triple-Buffer/Triple Buffer/triple_muxes.v Line: 133
Info (12021): Found 2 design units, including 2 entities, in source file sram_controller.v
    Info (12023): Found entity 1: sram_ctrl File: C:/Users/James Williams/Google Drive/Northwestern/Research - Mikhelson/Projects/Triple-Buffer/Triple Buffer/sram_controller.v Line: 18
    Info (12023): Found entity 2: up_conv File: C:/Users/James Williams/Google Drive/Northwestern/Research - Mikhelson/Projects/Triple-Buffer/Triple Buffer/sram_controller.v Line: 137
Info (12021): Found 1 design units, including 1 entities, in source file capture_buffer.v
    Info (12023): Found entity 1: capture_buff File: C:/Users/James Williams/Google Drive/Northwestern/Research - Mikhelson/Projects/Triple-Buffer/Triple Buffer/capture_buffer.v Line: 21
Info (12021): Found 1 design units, including 1 entities, in source file transmission_buffer.v
    Info (12023): Found entity 1: tr_buff File: C:/Users/James Williams/Google Drive/Northwestern/Research - Mikhelson/Projects/Triple-Buffer/Triple Buffer/transmission_buffer.v Line: 20
Info (12021): Found 2 design units, including 1 entities, in source file vga.vhd
    Info (12022): Found design unit 1: VGA-Behavioral File: C:/Users/James Williams/Google Drive/Northwestern/Research - Mikhelson/Projects/Triple-Buffer/Triple Buffer/vga.vhd Line: 24
    Info (12023): Found entity 1: VGA File: C:/Users/James Williams/Google Drive/Northwestern/Research - Mikhelson/Projects/Triple-Buffer/Triple Buffer/vga.vhd Line: 12
Info (12021): Found 2 design units, including 1 entities, in source file rgb.vhd
    Info (12022): Found design unit 1: RGB-Behavioral File: C:/Users/James Williams/Google Drive/Northwestern/Research - Mikhelson/Projects/Triple-Buffer/Triple Buffer/rgb.vhd Line: 19
    Info (12023): Found entity 1: RGB File: C:/Users/James Williams/Google Drive/Northwestern/Research - Mikhelson/Projects/Triple-Buffer/Triple Buffer/rgb.vhd Line: 11
Info (12021): Found 2 design units, including 1 entities, in source file vga_addr_gen.vhd
    Info (12022): Found design unit 1: Address_Generator-Behavioral File: C:/Users/James Williams/Google Drive/Northwestern/Research - Mikhelson/Projects/Triple-Buffer/Triple Buffer/vga_addr_gen.vhd Line: 17
    Info (12023): Found entity 1: Address_Generator File: C:/Users/James Williams/Google Drive/Northwestern/Research - Mikhelson/Projects/Triple-Buffer/Triple Buffer/vga_addr_gen.vhd Line: 9
Info (12021): Found 6 design units, including 6 entities, in source file clock_dividers.v
    Info (12023): Found entity 1: MHz_25 File: C:/Users/James Williams/Google Drive/Northwestern/Research - Mikhelson/Projects/Triple-Buffer/Triple Buffer/clock_dividers.v Line: 18
    Info (12023): Found entity 2: kHz_50 File: C:/Users/James Williams/Google Drive/Northwestern/Research - Mikhelson/Projects/Triple-Buffer/Triple Buffer/clock_dividers.v Line: 41
    Info (12023): Found entity 3: MHz_1 File: C:/Users/James Williams/Google Drive/Northwestern/Research - Mikhelson/Projects/Triple-Buffer/Triple Buffer/clock_dividers.v Line: 73
    Info (12023): Found entity 4: Hz_5 File: C:/Users/James Williams/Google Drive/Northwestern/Research - Mikhelson/Projects/Triple-Buffer/Triple Buffer/clock_dividers.v Line: 105
    Info (12023): Found entity 5: notBlock File: C:/Users/James Williams/Google Drive/Northwestern/Research - Mikhelson/Projects/Triple-Buffer/Triple Buffer/clock_dividers.v Line: 136
    Info (12023): Found entity 6: andBlock File: C:/Users/James Williams/Google Drive/Northwestern/Research - Mikhelson/Projects/Triple-Buffer/Triple Buffer/clock_dividers.v Line: 146
Info (12021): Found 1 design units, including 1 entities, in source file pll150.v
    Info (12023): Found entity 1: pll150 File: C:/Users/James Williams/Google Drive/Northwestern/Research - Mikhelson/Projects/Triple-Buffer/Triple Buffer/pll150.v Line: 39
Info (12021): Found 1 design units, including 1 entities, in source file test_bench.v
    Info (12023): Found entity 1: test_bench File: C:/Users/James Williams/Google Drive/Northwestern/Research - Mikhelson/Projects/Triple-Buffer/Triple Buffer/test_bench.v Line: 21
Info (12021): Found 1 design units, including 1 entities, in source file triplebuffer_top.v
    Info (12023): Found entity 1: TripleBuffer File: C:/Users/James Williams/Google Drive/Northwestern/Research - Mikhelson/Projects/Triple-Buffer/Triple Buffer/TripleBuffer_top.v Line: 18
Info (12127): Elaborating entity "TripleBuffer" for the top level hierarchy
Info (12128): Elaborating entity "ov7670_capture" for hierarchy "ov7670_capture:pixel_buf" File: C:/Users/James Williams/Google Drive/Northwestern/Research - Mikhelson/Projects/Triple-Buffer/Triple Buffer/TripleBuffer_top.v Line: 162
Info (12128): Elaborating entity "capture_buff" for hierarchy "capture_buff:cb" File: C:/Users/James Williams/Google Drive/Northwestern/Research - Mikhelson/Projects/Triple-Buffer/Triple Buffer/TripleBuffer_top.v Line: 180
Info (12128): Elaborating entity "tr_buff" for hierarchy "tr_buff:tb" File: C:/Users/James Williams/Google Drive/Northwestern/Research - Mikhelson/Projects/Triple-Buffer/Triple Buffer/TripleBuffer_top.v Line: 197
Info (12128): Elaborating entity "tri_mem_mux" for hierarchy "tri_mem_mux:mem_mux" File: C:/Users/James Williams/Google Drive/Northwestern/Research - Mikhelson/Projects/Triple-Buffer/Triple Buffer/TripleBuffer_top.v Line: 229
Info (12128): Elaborating entity "sram_ctrl" for hierarchy "sram_ctrl:sc_x" File: C:/Users/James Williams/Google Drive/Northwestern/Research - Mikhelson/Projects/Triple-Buffer/Triple Buffer/TripleBuffer_top.v Line: 252
Warning (10230): Verilog HDL assignment warning at sram_controller.v(37): truncated value with size 3 to match size of target (2) File: C:/Users/James Williams/Google Drive/Northwestern/Research - Mikhelson/Projects/Triple-Buffer/Triple Buffer/sram_controller.v Line: 37
Warning (10230): Verilog HDL assignment warning at sram_controller.v(38): truncated value with size 3 to match size of target (2) File: C:/Users/James Williams/Google Drive/Northwestern/Research - Mikhelson/Projects/Triple-Buffer/Triple Buffer/sram_controller.v Line: 38
Warning (10230): Verilog HDL assignment warning at sram_controller.v(39): truncated value with size 3 to match size of target (2) File: C:/Users/James Williams/Google Drive/Northwestern/Research - Mikhelson/Projects/Triple-Buffer/Triple Buffer/sram_controller.v Line: 39
Info (12128): Elaborating entity "tri_data_mux" for hierarchy "tri_data_mux:tdm" File: C:/Users/James Williams/Google Drive/Northwestern/Research - Mikhelson/Projects/Triple-Buffer/Triple Buffer/TripleBuffer_top.v Line: 308
Info (12128): Elaborating entity "tri_ready_mux" for hierarchy "tri_ready_mux:trm" File: C:/Users/James Williams/Google Drive/Northwestern/Research - Mikhelson/Projects/Triple-Buffer/Triple Buffer/TripleBuffer_top.v Line: 321
Info (12128): Elaborating entity "tri_control" for hierarchy "tri_control:tc" File: C:/Users/James Williams/Google Drive/Northwestern/Research - Mikhelson/Projects/Triple-Buffer/Triple Buffer/TripleBuffer_top.v Line: 333
Info (12128): Elaborating entity "Address_Generator" for hierarchy "Address_Generator:ag" File: C:/Users/James Williams/Google Drive/Northwestern/Research - Mikhelson/Projects/Triple-Buffer/Triple Buffer/TripleBuffer_top.v Line: 345
Info (12128): Elaborating entity "RGB" for hierarchy "RGB:rgb" File: C:/Users/James Williams/Google Drive/Northwestern/Research - Mikhelson/Projects/Triple-Buffer/Triple Buffer/TripleBuffer_top.v Line: 357
Info (12128): Elaborating entity "VGA" for hierarchy "VGA:vga" File: C:/Users/James Williams/Google Drive/Northwestern/Research - Mikhelson/Projects/Triple-Buffer/Triple Buffer/TripleBuffer_top.v Line: 371
Info (12128): Elaborating entity "kHz_50" for hierarchy "kHz_50:k50" File: C:/Users/James Williams/Google Drive/Northwestern/Research - Mikhelson/Projects/Triple-Buffer/Triple Buffer/TripleBuffer_top.v Line: 393
Info (12128): Elaborating entity "MHz_25" for hierarchy "MHz_25:m25" File: C:/Users/James Williams/Google Drive/Northwestern/Research - Mikhelson/Projects/Triple-Buffer/Triple Buffer/TripleBuffer_top.v Line: 403
Info (12128): Elaborating entity "ov7670_controller" for hierarchy "ov7670_controller:ovctrl" File: C:/Users/James Williams/Google Drive/Northwestern/Research - Mikhelson/Projects/Triple-Buffer/Triple Buffer/TripleBuffer_top.v Line: 429
Info (12128): Elaborating entity "i2c_sender" for hierarchy "ov7670_controller:ovctrl|i2c_sender:Inst_i2c_sender" File: C:/Users/James Williams/Google Drive/Northwestern/Research - Mikhelson/Projects/Triple-Buffer/Triple Buffer/ov7670_controller.vhd Line: 64
Info (12128): Elaborating entity "ov7670_registers" for hierarchy "ov7670_controller:ovctrl|ov7670_registers:Inst_ov7670_registers" File: C:/Users/James Williams/Google Drive/Northwestern/Research - Mikhelson/Projects/Triple-Buffer/Triple Buffer/ov7670_controller.vhd Line: 79
Info (19000): Inferred 1 megafunctions from design logic
    Info (276031): Inferred altsyncram megafunction from the following design logic: "ov7670_controller:ovctrl|ov7670_registers:Inst_ov7670_registers|Mux0_rtl_0"
        Info (286033): Parameter OPERATION_MODE set to ROM
        Info (286033): Parameter WIDTH_A set to 16
        Info (286033): Parameter WIDTHAD_A set to 8
        Info (286033): Parameter NUMWORDS_A set to 256
        Info (286033): Parameter OUTDATA_REG_A set to UNREGISTERED
        Info (286033): Parameter RAM_BLOCK_TYPE set to AUTO
        Info (286033): Parameter INIT_FILE set to TripleBuffer.TripleBuffer0.rtl.mif
Info (12130): Elaborated megafunction instantiation "ov7670_controller:ovctrl|ov7670_registers:Inst_ov7670_registers|altsyncram:Mux0_rtl_0"
Info (12133): Instantiated megafunction "ov7670_controller:ovctrl|ov7670_registers:Inst_ov7670_registers|altsyncram:Mux0_rtl_0" with the following parameter:
    Info (12134): Parameter "OPERATION_MODE" = "ROM"
    Info (12134): Parameter "WIDTH_A" = "16"
    Info (12134): Parameter "WIDTHAD_A" = "8"
    Info (12134): Parameter "NUMWORDS_A" = "256"
    Info (12134): Parameter "OUTDATA_REG_A" = "UNREGISTERED"
    Info (12134): Parameter "RAM_BLOCK_TYPE" = "AUTO"
    Info (12134): Parameter "INIT_FILE" = "TripleBuffer.TripleBuffer0.rtl.mif"
Info (12021): Found 1 design units, including 1 entities, in source file db/altsyncram_qm01.tdf
    Info (12023): Found entity 1: altsyncram_qm01 File: C:/Users/James Williams/Google Drive/Northwestern/Research - Mikhelson/Projects/Triple-Buffer/Triple Buffer/db/altsyncram_qm01.tdf Line: 27
Warning (12241): 2 hierarchies have connectivity warnings - see the Connectivity Checks report folder
Info (13000): Registers with preset signals will power-up high File: C:/Users/James Williams/Google Drive/Northwestern/Research - Mikhelson/Projects/Triple-Buffer/Triple Buffer/sram_controller.v Line: 61
Info (13003): DEV_CLRn pin will set, and not reset, register with preset signal due to NOT Gate Push-Back
Warning (13024): Output pins are stuck at VCC or GND
    Warning (13410): Pin "sram_x_addr[16]" is stuck at GND File: C:/Users/James Williams/Google Drive/Northwestern/Research - Mikhelson/Projects/Triple-Buffer/Triple Buffer/TripleBuffer_top.v Line: 32
    Warning (13410): Pin "sram_x_addr[17]" is stuck at GND File: C:/Users/James Williams/Google Drive/Northwestern/Research - Mikhelson/Projects/Triple-Buffer/Triple Buffer/TripleBuffer_top.v Line: 32
    Warning (13410): Pin "sram_x_addr[18]" is stuck at GND File: C:/Users/James Williams/Google Drive/Northwestern/Research - Mikhelson/Projects/Triple-Buffer/Triple Buffer/TripleBuffer_top.v Line: 32
    Warning (13410): Pin "sram_x_addr[19]" is stuck at GND File: C:/Users/James Williams/Google Drive/Northwestern/Research - Mikhelson/Projects/Triple-Buffer/Triple Buffer/TripleBuffer_top.v Line: 32
    Warning (13410): Pin "sram_x_ce_a_n" is stuck at GND File: C:/Users/James Williams/Google Drive/Northwestern/Research - Mikhelson/Projects/Triple-Buffer/Triple Buffer/TripleBuffer_top.v Line: 35
    Warning (13410): Pin "sram_x_ub_a_n" is stuck at GND File: C:/Users/James Williams/Google Drive/Northwestern/Research - Mikhelson/Projects/Triple-Buffer/Triple Buffer/TripleBuffer_top.v Line: 36
    Warning (13410): Pin "sram_x_lb_a_n" is stuck at GND File: C:/Users/James Williams/Google Drive/Northwestern/Research - Mikhelson/Projects/Triple-Buffer/Triple Buffer/TripleBuffer_top.v Line: 37
    Warning (13410): Pin "sram_y_ce_a_n" is stuck at GND File: C:/Users/James Williams/Google Drive/Northwestern/Research - Mikhelson/Projects/Triple-Buffer/Triple Buffer/TripleBuffer_top.v Line: 43
    Warning (13410): Pin "sram_y_ub_a_n" is stuck at GND File: C:/Users/James Williams/Google Drive/Northwestern/Research - Mikhelson/Projects/Triple-Buffer/Triple Buffer/TripleBuffer_top.v Line: 44
    Warning (13410): Pin "sram_y_lb_a_n" is stuck at GND File: C:/Users/James Williams/Google Drive/Northwestern/Research - Mikhelson/Projects/Triple-Buffer/Triple Buffer/TripleBuffer_top.v Line: 45
    Warning (13410): Pin "sram_z_ce_a_n" is stuck at GND File: C:/Users/James Williams/Google Drive/Northwestern/Research - Mikhelson/Projects/Triple-Buffer/Triple Buffer/TripleBuffer_top.v Line: 51
    Warning (13410): Pin "sram_z_ub_a_n" is stuck at GND File: C:/Users/James Williams/Google Drive/Northwestern/Research - Mikhelson/Projects/Triple-Buffer/Triple Buffer/TripleBuffer_top.v Line: 52
    Warning (13410): Pin "sram_z_lb_a_n" is stuck at GND File: C:/Users/James Williams/Google Drive/Northwestern/Research - Mikhelson/Projects/Triple-Buffer/Triple Buffer/TripleBuffer_top.v Line: 53
    Warning (13410): Pin "camera_pwdn" is stuck at GND File: C:/Users/James Williams/Google Drive/Northwestern/Research - Mikhelson/Projects/Triple-Buffer/Triple Buffer/TripleBuffer_top.v Line: 61
    Warning (13410): Pin "VGA_Nsync" is stuck at VCC File: C:/Users/James Williams/Google Drive/Northwestern/Research - Mikhelson/Projects/Triple-Buffer/Triple Buffer/TripleBuffer_top.v Line: 74
Info (286030): Timing-Driven Synthesis is running
Info (17049): 6 registers lost all their fanouts during netlist optimizations.
Info (144001): Generated suppressed messages file C:/Users/James Williams/Google Drive/Northwestern/Research - Mikhelson/Projects/Triple-Buffer/Triple Buffer/output_files/TripleBuffer_top.map.smsg
Info (16010): Generating hard_block partition "hard_block:auto_generated_inst"
    Info (16011): Adding 0 node(s), including 0 DDIO, 0 PLL, 0 transceiver and 0 LCELL
Info (21057): Implemented 650 device resources after synthesis - the final resource count might be different
    Info (21058): Implemented 14 input pins
    Info (21059): Implemented 102 output pins
    Info (21060): Implemented 48 bidirectional pins
    Info (21061): Implemented 470 logic cells
    Info (21064): Implemented 16 RAM segments
Info: Quartus Prime Analysis & Synthesis was successful. 0 errors, 21 warnings
    Info: Peak virtual memory: 4833 megabytes
    Info: Processing ended: Sat Mar 16 15:31:55 2019
    Info: Elapsed time: 00:00:15
    Info: Total CPU time (on all processors): 00:00:32


+------------------------------------------+
; Analysis & Synthesis Suppressed Messages ;
+------------------------------------------+
The suppressed messages can be found in C:/Users/James Williams/Google Drive/Northwestern/Research - Mikhelson/Projects/Triple-Buffer/Triple Buffer/output_files/TripleBuffer_top.map.smsg.


