Assembler report for TripleBuffer_top
Sat Mar 16 15:32:16 2019
Quartus Prime Version 17.1.0 Build 590 10/25/2017 SJ Lite Edition


---------------------
; Table of Contents ;
---------------------
  1. Legal Notice
  2. Assembler Summary
  3. Assembler Settings
  4. Assembler Generated Files
  5. Assembler Device Options: C:/Users/James Williams/Google Drive/Northwestern/Research - Mikhelson/Projects/Triple-Buffer/Triple Buffer/output_files/TripleBuffer_top.sof
  6. Assembler Messages



----------------
; Legal Notice ;
----------------
Copyright (C) 2017  Intel Corporation. All rights reserved.
Your use of Intel Corporation's design tools, logic functions 
and other software and tools, and its AMPP partner logic 
functions, and any output files from any of the foregoing 
(including device programming or simulation files), and any 
associated documentation or information are expressly subject 
to the terms and conditions of the Intel Program License 
Subscription Agreement, the Intel Quartus Prime License Agreement,
the Intel FPGA IP License Agreement, or other applicable license
agreement, including, without limitation, that your use is for
the sole purpose of programming logic devices manufactured by
Intel and sold by Intel or its authorized distributors.  Please
refer to the applicable agreement for further details.



+---------------------------------------------------------------+
; Assembler Summary                                             ;
+-----------------------+---------------------------------------+
; Assembler Status      ; Successful - Sat Mar 16 15:32:16 2019 ;
; Revision Name         ; TripleBuffer_top                      ;
; Top-level Entity Name ; TripleBuffer                          ;
; Family                ; Cyclone IV E                          ;
; Device                ; EP4CE115F29C7                         ;
+-----------------------+---------------------------------------+


+----------------------------------+
; Assembler Settings               ;
+--------+---------+---------------+
; Option ; Setting ; Default Value ;
+--------+---------+---------------+


+-----------------------------------------------------------------------------------------------------------------------------------------------+
; Assembler Generated Files                                                                                                                     ;
+-----------------------------------------------------------------------------------------------------------------------------------------------+
; File Name                                                                                                                                     ;
+-----------------------------------------------------------------------------------------------------------------------------------------------+
; C:/Users/James Williams/Google Drive/Northwestern/Research - Mikhelson/Projects/Triple-Buffer/Triple Buffer/output_files/TripleBuffer_top.sof ;
+-----------------------------------------------------------------------------------------------------------------------------------------------+


+-------------------------------------------------------------------------------------------------------------------------------------------------------------------------+
; Assembler Device Options: C:/Users/James Williams/Google Drive/Northwestern/Research - Mikhelson/Projects/Triple-Buffer/Triple Buffer/output_files/TripleBuffer_top.sof ;
+----------------+--------------------------------------------------------------------------------------------------------------------------------------------------------+
; Option         ; Setting                                                                                                                                                ;
+----------------+--------------------------------------------------------------------------------------------------------------------------------------------------------+
; JTAG usercode  ; 0x005E34D0                                                                                                                                             ;
; Checksum       ; 0x005E34D0                                                                                                                                             ;
+----------------+--------------------------------------------------------------------------------------------------------------------------------------------------------+


+--------------------+
; Assembler Messages ;
+--------------------+
Info: *******************************************************************
Info: Running Quartus Prime Assembler
    Info: Version 17.1.0 Build 590 10/25/2017 SJ Lite Edition
    Info: Processing started: Sat Mar 16 15:32:13 2019
Info: Command: quartus_asm --read_settings_files=off --write_settings_files=off TripleBuffer -c TripleBuffer_top
Warning (18236): Number of processors has not been specified which may cause overloading on shared machines.  Set the global assignment NUM_PARALLEL_PROCESSORS in your QSF to an appropriate value for best performance.
Info (115031): Writing out detailed assembly data for power analysis
Info (115030): Assembler is generating device programming files
Info: Quartus Prime Assembler was successful. 0 errors, 1 warning
    Info: Peak virtual memory: 4708 megabytes
    Info: Processing ended: Sat Mar 16 15:32:16 2019
    Info: Elapsed time: 00:00:03
    Info: Total CPU time (on all processors): 00:00:04


